0 info it worked if it ends with ok
1 verbose cli [ '/usr/local/Cellar/node/5.4.0/bin/node',
1 verbose cli   '/usr/local/bin/npm',
1 verbose cli   'install',
1 verbose cli   'jquery-treegrid' ]
2 info using npm@3.3.12
3 info using node@v5.4.0
4 silly loadCurrentTree Starting
5 silly install loadCurrentTree
6 silly install readLocalPackageData
7 silly fetchPackageMetaData jquery-treegrid
8 silly fetchNamedPackageData jquery-treegrid
9 silly mapToRegistry name jquery-treegrid
10 silly mapToRegistry using default registry
11 silly mapToRegistry registry https://registry.npmjs.org/
12 silly mapToRegistry uri https://registry.npmjs.org/jquery-treegrid
13 verbose request uri https://registry.npmjs.org/jquery-treegrid
14 verbose request no auth needed
15 info attempt registry request try #1 at 5:50:26 PM
16 verbose request id 825876ef9881990f
17 http request GET https://registry.npmjs.org/jquery-treegrid
18 http 200 https://registry.npmjs.org/jquery-treegrid
19 verbose headers { server: 'CouchDB/1.5.0 (Erlang OTP/R16B03)',
19 verbose headers   etag: '"501TNXFVXI1EJCGMY0UR8REUI"',
19 verbose headers   'content-type': 'application/json',
19 verbose headers   'cache-control': 'max-age=300',
19 verbose headers   'content-length': '1958',
19 verbose headers   'accept-ranges': 'bytes',
19 verbose headers   date: 'Sun, 17 Jan 2016 23:50:27 GMT',
19 verbose headers   via: '1.1 varnish',
19 verbose headers   age: '0',
19 verbose headers   connection: 'keep-alive',
19 verbose headers   'x-served-by': 'cache-atl6227-ATL',
19 verbose headers   'x-cache': 'MISS',
19 verbose headers   'x-cache-hits': '0',
19 verbose headers   'x-timer': 'S1453074627.165094,VS0,VE91',
19 verbose headers   vary: 'Accept' }
20 silly get cb [ 200,
20 silly get   { server: 'CouchDB/1.5.0 (Erlang OTP/R16B03)',
20 silly get     etag: '"501TNXFVXI1EJCGMY0UR8REUI"',
20 silly get     'content-type': 'application/json',
20 silly get     'cache-control': 'max-age=300',
20 silly get     'content-length': '1958',
20 silly get     'accept-ranges': 'bytes',
20 silly get     date: 'Sun, 17 Jan 2016 23:50:27 GMT',
20 silly get     via: '1.1 varnish',
20 silly get     age: '0',
20 silly get     connection: 'keep-alive',
20 silly get     'x-served-by': 'cache-atl6227-ATL',
20 silly get     'x-cache': 'MISS',
20 silly get     'x-cache-hits': '0',
20 silly get     'x-timer': 'S1453074627.165094,VS0,VE91',
20 silly get     vary: 'Accept' } ]
21 verbose get saving jquery-treegrid to /Users/jimwilson/.npm/registry.npmjs.org/jquery-treegrid/.cache.json
22 silly install normalizeTree
23 silly loadCurrentTree Finishing
24 silly loadIdealTree Starting
25 silly install loadIdealTree
26 silly cloneCurrentTree Starting
27 silly install cloneCurrentTreeToIdealTree
28 silly cloneCurrentTree Finishing
29 silly loadShrinkwrap Starting
30 silly install loadShrinkwrap
31 silly loadShrinkwrap Finishing
32 silly loadAllDepsIntoIdealTree Starting
33 silly install loadAllDepsIntoIdealTree
34 silly rollbackFailedOptional Starting
35 silly rollbackFailedOptional Finishing
36 silly runTopLevelLifecycles Starting
37 silly runTopLevelLifecycles Finishing
38 silly install printInstalled
39 verbose stack Error: Refusing to install jquery-treegrid as a dependency of itself
39 verbose stack     at checkSelf (/usr/local/lib/node_modules/npm/lib/install/validate-args.js:40:14)
39 verbose stack     at Array.<anonymous> (/usr/local/lib/node_modules/npm/node_modules/slide/lib/bind-actor.js:15:8)
39 verbose stack     at LOOP (/usr/local/lib/node_modules/npm/node_modules/slide/lib/chain.js:15:14)
39 verbose stack     at chain (/usr/local/lib/node_modules/npm/node_modules/slide/lib/chain.js:20:5)
39 verbose stack     at /usr/local/lib/node_modules/npm/lib/install/validate-args.js:15:5
39 verbose stack     at /usr/local/lib/node_modules/npm/node_modules/slide/lib/async-map.js:52:35
39 verbose stack     at Array.forEach (native)
39 verbose stack     at /usr/local/lib/node_modules/npm/node_modules/slide/lib/async-map.js:52:11
39 verbose stack     at Array.forEach (native)
39 verbose stack     at asyncMap (/usr/local/lib/node_modules/npm/node_modules/slide/lib/async-map.js:51:8)
40 verbose cwd /Library/WebServer/Documents/simpleTreegrid
41 error Darwin 14.5.0
42 error argv "/usr/local/Cellar/node/5.4.0/bin/node" "/usr/local/bin/npm" "install" "jquery-treegrid"
43 error node v5.4.0
44 error npm  v3.3.12
45 error code ENOSELF
46 error Refusing to install jquery-treegrid as a dependency of itself
47 error If you need help, you may report this error at:
47 error     <https://github.com/npm/npm/issues>
48 verbose exit [ 1, true ]
